Inference for the input samples (10 chains: each with iter = 2000; warmup = 0):

    Q5 Q50 Q95 Mean  SD  Rhat Bulk_ESS Tail_ESS
V1 1.8   2 2.3    2 0.2  1.07       86      662

For each parameter, Bulk_ESS and Tail_ESS are crude measures of 
effective sample size for bulk and tail quantities respectively (an ESS > 100 
per chain is considered good), and Rhat is the potential scale reduction 
factor on rank normalized split chains (at convergence, Rhat <= 1.05).
Inference for the input samples (10 chains: each with iter = 2000; warmup = 0):

    Q5 Q50 Q95 Mean  SD  Rhat Bulk_ESS Tail_ESS
V1 1.8   2 2.3    2 0.1  1.01      781     4237

For each parameter, Bulk_ESS and Tail_ESS are crude measures of 
effective sample size for bulk and tail quantities respectively (an ESS > 100 
per chain is considered good), and Rhat is the potential scale reduction 
factor on rank normalized split chains (at convergence, Rhat <= 1.05).
Inference for the input samples (10 chains: each with iter = 2000; warmup = 0):

    Q5 Q50 Q95 Mean  SD  Rhat Bulk_ESS Tail_ESS
V1 1.7   2 2.3    2 0.2  1.16       40      162

For each parameter, Bulk_ESS and Tail_ESS are crude measures of 
effective sample size for bulk and tail quantities respectively (an ESS > 100 
per chain is considered good), and Rhat is the potential scale reduction 
factor on rank normalized split chains (at convergence, Rhat <= 1.05).
Inference for the input samples (10 chains: each with iter = 2000; warmup = 0):

    Q5 Q50 Q95 Mean  SD  Rhat Bulk_ESS Tail_ESS
V1 1.8   2 2.3    2 0.1  1.07       80      438

For each parameter, Bulk_ESS and Tail_ESS are crude measures of 
effective sample size for bulk and tail quantities respectively (an ESS > 100 
per chain is considered good), and Rhat is the potential scale reduction 
factor on rank normalized split chains (at convergence, Rhat <= 1.05).
Inference for the input samples (10 chains: each with iter = 2000; warmup = 0):

    Q5 Q50 Q95 Mean  SD  Rhat Bulk_ESS Tail_ESS
V1 1.8   2 2.3    2 0.1  1.04      150      450

For each parameter, Bulk_ESS and Tail_ESS are crude measures of 
effective sample size for bulk and tail quantities respectively (an ESS > 100 
per chain is considered good), and Rhat is the potential scale reduction 
factor on rank normalized split chains (at convergence, Rhat <= 1.05).
Inference for the input samples (10 chains: each with iter = 2000; warmup = 0):

    Q5 Q50 Q95 Mean  SD  Rhat Bulk_ESS Tail_ESS
V1 1.8   2 2.3    2 0.1  1.06       94      605

For each parameter, Bulk_ESS and Tail_ESS are crude measures of 
effective sample size for bulk and tail quantities respectively (an ESS > 100 
per chain is considered good), and Rhat is the potential scale reduction 
factor on rank normalized split chains (at convergence, Rhat <= 1.05).
Inference for the input samples (10 chains: each with iter = 2000; warmup = 0):

    Q5 Q50 Q95 Mean  SD  Rhat Bulk_ESS Tail_ESS
V1 1.8   2 2.3    2 0.1  1.07       90      215

For each parameter, Bulk_ESS and Tail_ESS are crude measures of 
effective sample size for bulk and tail quantities respectively (an ESS > 100 
per chain is considered good), and Rhat is the potential scale reduction 
factor on rank normalized split chains (at convergence, Rhat <= 1.05).
Inference for the input samples (10 chains: each with iter = 2000; warmup = 0):

    Q5 Q50 Q95 Mean  SD  Rhat Bulk_ESS Tail_ESS
V1 1.8   2 2.3    2 0.2  1.08       79      283

For each parameter, Bulk_ESS and Tail_ESS are crude measures of 
effective sample size for bulk and tail quantities respectively (an ESS > 100 
per chain is considered good), and Rhat is the potential scale reduction 
factor on rank normalized split chains (at convergence, Rhat <= 1.05).
Inference for the input samples (10 chains: each with iter = 2000; warmup = 0):

    Q5 Q50 Q95 Mean  SD  Rhat Bulk_ESS Tail_ESS
V1 1.7   2 2.3    2 0.2  1.08       74      354

For each parameter, Bulk_ESS and Tail_ESS are crude measures of 
effective sample size for bulk and tail quantities respectively (an ESS > 100 
per chain is considered good), and Rhat is the potential scale reduction 
factor on rank normalized split chains (at convergence, Rhat <= 1.05).
Inference for the input samples (10 chains: each with iter = 2000; warmup = 0):

    Q5 Q50 Q95 Mean  SD  Rhat Bulk_ESS Tail_ESS
V1 1.6   2 2.3    2 0.2  1.18       37      117

For each parameter, Bulk_ESS and Tail_ESS are crude measures of 
effective sample size for bulk and tail quantities respectively (an ESS > 100 
per chain is considered good), and Rhat is the potential scale reduction 
factor on rank normalized split chains (at convergence, Rhat <= 1.05).
Inference for the input samples (10 chains: each with iter = 2000; warmup = 0):

    Q5 Q50 Q95 Mean  SD  Rhat Bulk_ESS Tail_ESS
V1 1.6 1.9 2.2  1.9 0.2  1.17       39      219

For each parameter, Bulk_ESS and Tail_ESS are crude measures of 
effective sample size for bulk and tail quantities respectively (an ESS > 100 
per chain is considered good), and Rhat is the potential scale reduction 
factor on rank normalized split chains (at convergence, Rhat <= 1.05).
Inference for the input samples (10 chains: each with iter = 2000; warmup = 0):

    Q5 Q50 Q95 Mean  SD  Rhat Bulk_ESS Tail_ESS
V1 1.7   2 2.3    2 0.2  1.21       32       99

For each parameter, Bulk_ESS and Tail_ESS are crude measures of 
effective sample size for bulk and tail quantities respectively (an ESS > 100 
per chain is considered good), and Rhat is the potential scale reduction 
factor on rank normalized split chains (at convergence, Rhat <= 1.05).
Inference for the input samples (10 chains: each with iter = 2000; warmup = 0):

    Q5 Q50 Q95 Mean  SD  Rhat Bulk_ESS Tail_ESS
V1 1.7   2 2.3    2 0.2  1.24       30       96

For each parameter, Bulk_ESS and Tail_ESS are crude measures of 
effective sample size for bulk and tail quantities respectively (an ESS > 100 
per chain is considered good), and Rhat is the potential scale reduction 
factor on rank normalized split chains (at convergence, Rhat <= 1.05).
Inference for the input samples (10 chains: each with iter = 2000; warmup = 0):

    Q5 Q50 Q95 Mean  SD  Rhat Bulk_ESS Tail_ESS
V1 1.7   2 2.3    2 0.2  1.15       42       58

For each parameter, Bulk_ESS and Tail_ESS are crude measures of 
effective sample size for bulk and tail quantities respectively (an ESS > 100 
per chain is considered good), and Rhat is the potential scale reduction 
factor on rank normalized split chains (at convergence, Rhat <= 1.05).
Inference for the input samples (10 chains: each with iter = 2000; warmup = 0):

    Q5 Q50 Q95 Mean  SD  Rhat Bulk_ESS Tail_ESS
V1 1.7   2 2.3    2 0.2  1.15       43      117

For each parameter, Bulk_ESS and Tail_ESS are crude measures of 
effective sample size for bulk and tail quantities respectively (an ESS > 100 
per chain is considered good), and Rhat is the potential scale reduction 
factor on rank normalized split chains (at convergence, Rhat <= 1.05).
Inference for the input samples (10 chains: each with iter = 2000; warmup = 0):

    Q5 Q50 Q95 Mean  SD  Rhat Bulk_ESS Tail_ESS
V1 1.6   2 2.2  1.9 0.2  1.16       41      173

For each parameter, Bulk_ESS and Tail_ESS are crude measures of 
effective sample size for bulk and tail quantities respectively (an ESS > 100 
per chain is considered good), and Rhat is the potential scale reduction 
factor on rank normalized split chains (at convergence, Rhat <= 1.05).
Inference for the input samples (10 chains: each with iter = 2000; warmup = 0):

    Q5 Q50 Q95 Mean  SD  Rhat Bulk_ESS Tail_ESS
V1 2.2 2.5 2.9  2.5 0.2  1.24       29       50

For each parameter, Bulk_ESS and Tail_ESS are crude measures of 
effective sample size for bulk and tail quantities respectively (an ESS > 100 
per chain is considered good), and Rhat is the potential scale reduction 
factor on rank normalized split chains (at convergence, Rhat <= 1.05).
Inference for the input samples (10 chains: each with iter = 2000; warmup = 0):

    Q5 Q50 Q95 Mean  SD  Rhat Bulk_ESS Tail_ESS
V1 2.2 2.5 2.9  2.5 0.2  1.23       31      108

For each parameter, Bulk_ESS and Tail_ESS are crude measures of 
effective sample size for bulk and tail quantities respectively (an ESS > 100 
per chain is considered good), and Rhat is the potential scale reduction 
factor on rank normalized split chains (at convergence, Rhat <= 1.05).
Inference for the input samples (10 chains: each with iter = 2000; warmup = 0):

    Q5 Q50 Q95 Mean  SD  Rhat Bulk_ESS Tail_ESS
V1 1.5 2.4 2.8  2.4 0.4  1.56       17       21

For each parameter, Bulk_ESS and Tail_ESS are crude measures of 
effective sample size for bulk and tail quantities respectively (an ESS > 100 
per chain is considered good), and Rhat is the potential scale reduction 
factor on rank normalized split chains (at convergence, Rhat <= 1.05).
Inference for the input samples (10 chains: each with iter = 2000; warmup = 0):

    Q5 Q50 Q95 Mean  SD  Rhat Bulk_ESS Tail_ESS
V1 2.2 2.6 2.9  2.6 0.2  1.34       23       93

For each parameter, Bulk_ESS and Tail_ESS are crude measures of 
effective sample size for bulk and tail quantities respectively (an ESS > 100 
per chain is considered good), and Rhat is the potential scale reduction 
factor on rank normalized split chains (at convergence, Rhat <= 1.05).
Inference for the input samples (10 chains: each with iter = 2000; warmup = 0):

    Q5 Q50 Q95 Mean  SD  Rhat Bulk_ESS Tail_ESS
V1 2.1 2.5 2.9  2.5 0.3  1.32       24       65

For each parameter, Bulk_ESS and Tail_ESS are crude measures of 
effective sample size for bulk and tail quantities respectively (an ESS > 100 
per chain is considered good), and Rhat is the potential scale reduction 
factor on rank normalized split chains (at convergence, Rhat <= 1.05).
Inference for the input samples (10 chains: each with iter = 2000; warmup = 0):

    Q5 Q50 Q95 Mean  SD  Rhat Bulk_ESS Tail_ESS
V1 2.2 2.5 2.9  2.5 0.2  1.19       36      119

For each parameter, Bulk_ESS and Tail_ESS are crude measures of 
effective sample size for bulk and tail quantities respectively (an ESS > 100 
per chain is considered good), and Rhat is the potential scale reduction 
factor on rank normalized split chains (at convergence, Rhat <= 1.05).
Inference for the input samples (10 chains: each with iter = 2000; warmup = 0):

    Q5 Q50 Q95 Mean  SD  Rhat Bulk_ESS Tail_ESS
V1 2.2 2.6   3  2.6 0.2  1.25       29      126

For each parameter, Bulk_ESS and Tail_ESS are crude measures of 
effective sample size for bulk and tail quantities respectively (an ESS > 100 
per chain is considered good), and Rhat is the potential scale reduction 
factor on rank normalized split chains (at convergence, Rhat <= 1.05).
Inference for the input samples (10 chains: each with iter = 2000; warmup = 0):

    Q5 Q50 Q95 Mean  SD  Rhat Bulk_ESS Tail_ESS
V1 2.2 2.6 2.9  2.6 0.2  1.14       45       76

For each parameter, Bulk_ESS and Tail_ESS are crude measures of 
effective sample size for bulk and tail quantities respectively (an ESS > 100 
per chain is considered good), and Rhat is the potential scale reduction 
factor on rank normalized split chains (at convergence, Rhat <= 1.05).
