Inference for the input samples (10 chains: each with iter = 2000; warmup = 0):

    Q5 Q50 Q95 Mean  SD  Rhat Bulk_ESS Tail_ESS
V1 2.5 2.8 3.1  2.8 0.2  1.17       38      153

For each parameter, Bulk_ESS and Tail_ESS are crude measures of 
effective sample size for bulk and tail quantities respectively (an ESS > 100 
per chain is considered good), and Rhat is the potential scale reduction 
factor on rank normalized split chains (at convergence, Rhat <= 1.05).
Inference for the input samples (10 chains: each with iter = 2000; warmup = 0):

    Q5 Q50 Q95 Mean  SD  Rhat Bulk_ESS Tail_ESS
V1 2.6 2.8 3.2  2.9 0.2  1.18       37       72

For each parameter, Bulk_ESS and Tail_ESS are crude measures of 
effective sample size for bulk and tail quantities respectively (an ESS > 100 
per chain is considered good), and Rhat is the potential scale reduction 
factor on rank normalized split chains (at convergence, Rhat <= 1.05).
Inference for the input samples (10 chains: each with iter = 2000; warmup = 0):

    Q5 Q50 Q95 Mean  SD  Rhat Bulk_ESS Tail_ESS
V1 2.6 2.8 3.1  2.8 0.2  1.11       55      258

For each parameter, Bulk_ESS and Tail_ESS are crude measures of 
effective sample size for bulk and tail quantities respectively (an ESS > 100 
per chain is considered good), and Rhat is the potential scale reduction 
factor on rank normalized split chains (at convergence, Rhat <= 1.05).
Inference for the input samples (10 chains: each with iter = 2000; warmup = 0):

    Q5 Q50 Q95 Mean  SD  Rhat Bulk_ESS Tail_ESS
V1 2.6 2.8 3.1  2.8 0.2  1.13       48      172

For each parameter, Bulk_ESS and Tail_ESS are crude measures of 
effective sample size for bulk and tail quantities respectively (an ESS > 100 
per chain is considered good), and Rhat is the potential scale reduction 
factor on rank normalized split chains (at convergence, Rhat <= 1.05).
Inference for the input samples (10 chains: each with iter = 2000; warmup = 0):

    Q5 Q50 Q95 Mean  SD  Rhat Bulk_ESS Tail_ESS
V1 2.5 2.8   3  2.8 0.2  1.14       47       36

For each parameter, Bulk_ESS and Tail_ESS are crude measures of 
effective sample size for bulk and tail quantities respectively (an ESS > 100 
per chain is considered good), and Rhat is the potential scale reduction 
factor on rank normalized split chains (at convergence, Rhat <= 1.05).
Inference for the input samples (10 chains: each with iter = 2000; warmup = 0):

    Q5 Q50 Q95 Mean  SD  Rhat Bulk_ESS Tail_ESS
V1 2.6 2.8 3.1  2.8 0.2  1.22       32       89

For each parameter, Bulk_ESS and Tail_ESS are crude measures of 
effective sample size for bulk and tail quantities respectively (an ESS > 100 
per chain is considered good), and Rhat is the potential scale reduction 
factor on rank normalized split chains (at convergence, Rhat <= 1.05).
Inference for the input samples (10 chains: each with iter = 2000; warmup = 0):

    Q5 Q50 Q95 Mean  SD  Rhat Bulk_ESS Tail_ESS
V1 2.5 2.8   3  2.8 0.2  1.18       36      132

For each parameter, Bulk_ESS and Tail_ESS are crude measures of 
effective sample size for bulk and tail quantities respectively (an ESS > 100 
per chain is considered good), and Rhat is the potential scale reduction 
factor on rank normalized split chains (at convergence, Rhat <= 1.05).
Inference for the input samples (10 chains: each with iter = 2000; warmup = 0):

    Q5 Q50 Q95 Mean  SD  Rhat Bulk_ESS Tail_ESS
V1 2.6 2.8 3.1  2.8 0.2  1.18       38      123

For each parameter, Bulk_ESS and Tail_ESS are crude measures of 
effective sample size for bulk and tail quantities respectively (an ESS > 100 
per chain is considered good), and Rhat is the potential scale reduction 
factor on rank normalized split chains (at convergence, Rhat <= 1.05).
Inference for the input samples (10 chains: each with iter = 2000; warmup = 0):

   Q5 Q50 Q95 Mean  SD  Rhat Bulk_ESS Tail_ESS
V1  2 2.2 2.5  2.2 0.2  1.13       51      141

For each parameter, Bulk_ESS and Tail_ESS are crude measures of 
effective sample size for bulk and tail quantities respectively (an ESS > 100 
per chain is considered good), and Rhat is the potential scale reduction 
factor on rank normalized split chains (at convergence, Rhat <= 1.05).
Inference for the input samples (10 chains: each with iter = 2000; warmup = 0):

   Q5 Q50 Q95 Mean  SD  Rhat Bulk_ESS Tail_ESS
V1  2 2.3 2.5  2.3 0.2  1.15       43      167

For each parameter, Bulk_ESS and Tail_ESS are crude measures of 
effective sample size for bulk and tail quantities respectively (an ESS > 100 
per chain is considered good), and Rhat is the potential scale reduction 
factor on rank normalized split chains (at convergence, Rhat <= 1.05).
Inference for the input samples (10 chains: each with iter = 2000; warmup = 0):

    Q5 Q50 Q95 Mean  SD  Rhat Bulk_ESS Tail_ESS
V1 1.9 2.2 2.5  2.2 0.2  1.18       36       70

For each parameter, Bulk_ESS and Tail_ESS are crude measures of 
effective sample size for bulk and tail quantities respectively (an ESS > 100 
per chain is considered good), and Rhat is the potential scale reduction 
factor on rank normalized split chains (at convergence, Rhat <= 1.05).
Inference for the input samples (10 chains: each with iter = 2000; warmup = 0):

    Q5 Q50 Q95 Mean  SD  Rhat Bulk_ESS Tail_ESS
V1 1.9 2.2 2.5  2.2 0.2  1.26       28      118

For each parameter, Bulk_ESS and Tail_ESS are crude measures of 
effective sample size for bulk and tail quantities respectively (an ESS > 100 
per chain is considered good), and Rhat is the potential scale reduction 
factor on rank normalized split chains (at convergence, Rhat <= 1.05).
Inference for the input samples (10 chains: each with iter = 2000; warmup = 0):

    Q5 Q50 Q95 Mean  SD  Rhat Bulk_ESS Tail_ESS
V1 1.9 2.3 2.6  2.3 0.2  1.39       21       69

For each parameter, Bulk_ESS and Tail_ESS are crude measures of 
effective sample size for bulk and tail quantities respectively (an ESS > 100 
per chain is considered good), and Rhat is the potential scale reduction 
factor on rank normalized split chains (at convergence, Rhat <= 1.05).
Inference for the input samples (10 chains: each with iter = 2000; warmup = 0):

    Q5 Q50 Q95 Mean  SD  Rhat Bulk_ESS Tail_ESS
V1 1.9 2.2 2.4  2.2 0.2  1.16       40      215

For each parameter, Bulk_ESS and Tail_ESS are crude measures of 
effective sample size for bulk and tail quantities respectively (an ESS > 100 
per chain is considered good), and Rhat is the potential scale reduction 
factor on rank normalized split chains (at convergence, Rhat <= 1.05).
Inference for the input samples (10 chains: each with iter = 2000; warmup = 0):

   Q5 Q50 Q95 Mean  SD  Rhat Bulk_ESS Tail_ESS
V1  2 2.2 2.4  2.2 0.1  1.06       97      528

For each parameter, Bulk_ESS and Tail_ESS are crude measures of 
effective sample size for bulk and tail quantities respectively (an ESS > 100 
per chain is considered good), and Rhat is the potential scale reduction 
factor on rank normalized split chains (at convergence, Rhat <= 1.05).
Inference for the input samples (10 chains: each with iter = 2000; warmup = 0):

   Q5 Q50 Q95 Mean  SD  Rhat Bulk_ESS Tail_ESS
V1  2 2.3 2.5  2.3 0.1  1.06       97      412

For each parameter, Bulk_ESS and Tail_ESS are crude measures of 
effective sample size for bulk and tail quantities respectively (an ESS > 100 
per chain is considered good), and Rhat is the potential scale reduction 
factor on rank normalized split chains (at convergence, Rhat <= 1.05).
Inference for the input samples (10 chains: each with iter = 2000; warmup = 0):

    Q5 Q50 Q95 Mean  SD  Rhat Bulk_ESS Tail_ESS
V1 2.2 2.5 2.9  2.5 0.2  1.16       39      128

For each parameter, Bulk_ESS and Tail_ESS are crude measures of 
effective sample size for bulk and tail quantities respectively (an ESS > 100 
per chain is considered good), and Rhat is the potential scale reduction 
factor on rank normalized split chains (at convergence, Rhat <= 1.05).
Inference for the input samples (10 chains: each with iter = 2000; warmup = 0):

    Q5 Q50 Q95 Mean  SD  Rhat Bulk_ESS Tail_ESS
V1 2.3 2.7 3.1  2.7 0.3  1.37       22       64

For each parameter, Bulk_ESS and Tail_ESS are crude measures of 
effective sample size for bulk and tail quantities respectively (an ESS > 100 
per chain is considered good), and Rhat is the potential scale reduction 
factor on rank normalized split chains (at convergence, Rhat <= 1.05).
Inference for the input samples (10 chains: each with iter = 2000; warmup = 0):

    Q5 Q50 Q95 Mean  SD  Rhat Bulk_ESS Tail_ESS
V1 2.1 2.5 2.9  2.5 0.2   1.3       25       97

For each parameter, Bulk_ESS and Tail_ESS are crude measures of 
effective sample size for bulk and tail quantities respectively (an ESS > 100 
per chain is considered good), and Rhat is the potential scale reduction 
factor on rank normalized split chains (at convergence, Rhat <= 1.05).
Inference for the input samples (10 chains: each with iter = 2000; warmup = 0):

    Q5 Q50 Q95 Mean  SD  Rhat Bulk_ESS Tail_ESS
V1 2.2 2.5 2.9  2.5 0.2  1.23       31       56

For each parameter, Bulk_ESS and Tail_ESS are crude measures of 
effective sample size for bulk and tail quantities respectively (an ESS > 100 
per chain is considered good), and Rhat is the potential scale reduction 
factor on rank normalized split chains (at convergence, Rhat <= 1.05).
Inference for the input samples (10 chains: each with iter = 2000; warmup = 0):

    Q5 Q50 Q95 Mean  SD  Rhat Bulk_ESS Tail_ESS
V1 2.1 2.5 2.9  2.5 0.2  1.21       32      102

For each parameter, Bulk_ESS and Tail_ESS are crude measures of 
effective sample size for bulk and tail quantities respectively (an ESS > 100 
per chain is considered good), and Rhat is the potential scale reduction 
factor on rank normalized split chains (at convergence, Rhat <= 1.05).
Inference for the input samples (10 chains: each with iter = 2000; warmup = 0):

    Q5 Q50 Q95 Mean  SD  Rhat Bulk_ESS Tail_ESS
V1 2.2 2.6   3  2.6 0.3  1.37       22       83

For each parameter, Bulk_ESS and Tail_ESS are crude measures of 
effective sample size for bulk and tail quantities respectively (an ESS > 100 
per chain is considered good), and Rhat is the potential scale reduction 
factor on rank normalized split chains (at convergence, Rhat <= 1.05).
Inference for the input samples (10 chains: each with iter = 2000; warmup = 0):

    Q5 Q50 Q95 Mean  SD  Rhat Bulk_ESS Tail_ESS
V1 2.2 2.6 2.9  2.6 0.2  1.09       68      224

For each parameter, Bulk_ESS and Tail_ESS are crude measures of 
effective sample size for bulk and tail quantities respectively (an ESS > 100 
per chain is considered good), and Rhat is the potential scale reduction 
factor on rank normalized split chains (at convergence, Rhat <= 1.05).
Inference for the input samples (10 chains: each with iter = 2000; warmup = 0):

    Q5 Q50 Q95 Mean  SD  Rhat Bulk_ESS Tail_ESS
V1 2.2 2.6   3  2.6 0.2  1.24       29      112

For each parameter, Bulk_ESS and Tail_ESS are crude measures of 
effective sample size for bulk and tail quantities respectively (an ESS > 100 
per chain is considered good), and Rhat is the potential scale reduction 
factor on rank normalized split chains (at convergence, Rhat <= 1.05).
