Inference for the input samples (10 chains: each with iter = 2000; warmup = 0):

    Q5 Q50 Q95 Mean  SD  Rhat Bulk_ESS Tail_ESS
V1 1.5 1.8   2  1.8 0.2  1.04      156     1328

For each parameter, Bulk_ESS and Tail_ESS are crude measures of 
effective sample size for bulk and tail quantities respectively (an ESS > 100 
per chain is considered good), and Rhat is the potential scale reduction 
factor on rank normalized split chains (at convergence, Rhat <= 1.05).
Inference for the input samples (10 chains: each with iter = 2000; warmup = 0):

    Q5 Q50 Q95 Mean  SD  Rhat Bulk_ESS Tail_ESS
V1 1.7 1.9 2.1  1.9 0.1  1.01      554    11739

For each parameter, Bulk_ESS and Tail_ESS are crude measures of 
effective sample size for bulk and tail quantities respectively (an ESS > 100 
per chain is considered good), and Rhat is the potential scale reduction 
factor on rank normalized split chains (at convergence, Rhat <= 1.05).
Inference for the input samples (10 chains: each with iter = 2000; warmup = 0):

    Q5 Q50 Q95 Mean  SD  Rhat Bulk_ESS Tail_ESS
V1 1.6 1.8 2.1  1.8 0.2  1.07       81      444

For each parameter, Bulk_ESS and Tail_ESS are crude measures of 
effective sample size for bulk and tail quantities respectively (an ESS > 100 
per chain is considered good), and Rhat is the potential scale reduction 
factor on rank normalized split chains (at convergence, Rhat <= 1.05).
Inference for the input samples (10 chains: each with iter = 2000; warmup = 0):

    Q5 Q50 Q95 Mean  SD  Rhat Bulk_ESS Tail_ESS
V1 1.5 1.8   2  1.8 0.2  1.09       66      342

For each parameter, Bulk_ESS and Tail_ESS are crude measures of 
effective sample size for bulk and tail quantities respectively (an ESS > 100 
per chain is considered good), and Rhat is the potential scale reduction 
factor on rank normalized split chains (at convergence, Rhat <= 1.05).
Inference for the input samples (10 chains: each with iter = 2000; warmup = 0):

    Q5 Q50 Q95 Mean  SD  Rhat Bulk_ESS Tail_ESS
V1 1.7 1.9 2.1  1.9 0.1  1.03      223      543

For each parameter, Bulk_ESS and Tail_ESS are crude measures of 
effective sample size for bulk and tail quantities respectively (an ESS > 100 
per chain is considered good), and Rhat is the potential scale reduction 
factor on rank normalized split chains (at convergence, Rhat <= 1.05).
Inference for the input samples (10 chains: each with iter = 2000; warmup = 0):

    Q5 Q50 Q95 Mean  SD  Rhat Bulk_ESS Tail_ESS
V1 1.5 1.8 2.1  1.8 0.2  1.11       56      223

For each parameter, Bulk_ESS and Tail_ESS are crude measures of 
effective sample size for bulk and tail quantities respectively (an ESS > 100 
per chain is considered good), and Rhat is the potential scale reduction 
factor on rank normalized split chains (at convergence, Rhat <= 1.05).
Inference for the input samples (10 chains: each with iter = 2000; warmup = 0):

    Q5 Q50 Q95 Mean  SD  Rhat Bulk_ESS Tail_ESS
V1 1.5 1.8   2  1.8 0.1  1.05      129      957

For each parameter, Bulk_ESS and Tail_ESS are crude measures of 
effective sample size for bulk and tail quantities respectively (an ESS > 100 
per chain is considered good), and Rhat is the potential scale reduction 
factor on rank normalized split chains (at convergence, Rhat <= 1.05).
Inference for the input samples (10 chains: each with iter = 2000; warmup = 0):

    Q5 Q50 Q95 Mean  SD  Rhat Bulk_ESS Tail_ESS
V1 1.5 1.8   2  1.8 0.2  1.04      149      758

For each parameter, Bulk_ESS and Tail_ESS are crude measures of 
effective sample size for bulk and tail quantities respectively (an ESS > 100 
per chain is considered good), and Rhat is the potential scale reduction 
factor on rank normalized split chains (at convergence, Rhat <= 1.05).
Inference for the input samples (10 chains: each with iter = 2000; warmup = 0):

    Q5 Q50 Q95 Mean  SD  Rhat Bulk_ESS Tail_ESS
V1 2.7   3 3.2    3 0.2  1.07       83      326

For each parameter, Bulk_ESS and Tail_ESS are crude measures of 
effective sample size for bulk and tail quantities respectively (an ESS > 100 
per chain is considered good), and Rhat is the potential scale reduction 
factor on rank normalized split chains (at convergence, Rhat <= 1.05).
Inference for the input samples (10 chains: each with iter = 2000; warmup = 0):

    Q5 Q50 Q95 Mean  SD  Rhat Bulk_ESS Tail_ESS
V1 2.8 3.1 3.3  3.1 0.2  1.12       50      204

For each parameter, Bulk_ESS and Tail_ESS are crude measures of 
effective sample size for bulk and tail quantities respectively (an ESS > 100 
per chain is considered good), and Rhat is the potential scale reduction 
factor on rank normalized split chains (at convergence, Rhat <= 1.05).
Inference for the input samples (10 chains: each with iter = 2000; warmup = 0):

    Q5 Q50 Q95 Mean  SD  Rhat Bulk_ESS Tail_ESS
V1 2.7   3 3.2  2.9 0.2  1.14       44      130

For each parameter, Bulk_ESS and Tail_ESS are crude measures of 
effective sample size for bulk and tail quantities respectively (an ESS > 100 
per chain is considered good), and Rhat is the potential scale reduction 
factor on rank normalized split chains (at convergence, Rhat <= 1.05).
Inference for the input samples (10 chains: each with iter = 2000; warmup = 0):

    Q5 Q50 Q95 Mean  SD  Rhat Bulk_ESS Tail_ESS
V1 2.7   3 3.3    3 0.2  1.15       43      170

For each parameter, Bulk_ESS and Tail_ESS are crude measures of 
effective sample size for bulk and tail quantities respectively (an ESS > 100 
per chain is considered good), and Rhat is the potential scale reduction 
factor on rank normalized split chains (at convergence, Rhat <= 1.05).
Inference for the input samples (10 chains: each with iter = 2000; warmup = 0):

    Q5 Q50 Q95 Mean  SD  Rhat Bulk_ESS Tail_ESS
V1 2.8 3.1 3.4  3.1 0.2  1.17       38      178

For each parameter, Bulk_ESS and Tail_ESS are crude measures of 
effective sample size for bulk and tail quantities respectively (an ESS > 100 
per chain is considered good), and Rhat is the potential scale reduction 
factor on rank normalized split chains (at convergence, Rhat <= 1.05).
Inference for the input samples (10 chains: each with iter = 2000; warmup = 0):

    Q5 Q50 Q95 Mean  SD  Rhat Bulk_ESS Tail_ESS
V1 2.7   3 3.3    3 0.2  1.11       55      245

For each parameter, Bulk_ESS and Tail_ESS are crude measures of 
effective sample size for bulk and tail quantities respectively (an ESS > 100 
per chain is considered good), and Rhat is the potential scale reduction 
factor on rank normalized split chains (at convergence, Rhat <= 1.05).
Inference for the input samples (10 chains: each with iter = 2000; warmup = 0):

    Q5 Q50 Q95 Mean  SD  Rhat Bulk_ESS Tail_ESS
V1 2.7   3 3.3    3 0.2   1.1       59      214

For each parameter, Bulk_ESS and Tail_ESS are crude measures of 
effective sample size for bulk and tail quantities respectively (an ESS > 100 
per chain is considered good), and Rhat is the potential scale reduction 
factor on rank normalized split chains (at convergence, Rhat <= 1.05).
Inference for the input samples (10 chains: each with iter = 2000; warmup = 0):

    Q5 Q50 Q95 Mean  SD  Rhat Bulk_ESS Tail_ESS
V1 2.8   3 3.3    3 0.2  1.06      101      455

For each parameter, Bulk_ESS and Tail_ESS are crude measures of 
effective sample size for bulk and tail quantities respectively (an ESS > 100 
per chain is considered good), and Rhat is the potential scale reduction 
factor on rank normalized split chains (at convergence, Rhat <= 1.05).
Inference for the input samples (10 chains: each with iter = 2000; warmup = 0):

    Q5 Q50 Q95 Mean  SD  Rhat Bulk_ESS Tail_ESS
V1 3.7   4 4.4    4 0.2   1.3       25       46

For each parameter, Bulk_ESS and Tail_ESS are crude measures of 
effective sample size for bulk and tail quantities respectively (an ESS > 100 
per chain is considered good), and Rhat is the potential scale reduction 
factor on rank normalized split chains (at convergence, Rhat <= 1.05).
Inference for the input samples (10 chains: each with iter = 2000; warmup = 0):

    Q5 Q50 Q95 Mean  SD  Rhat Bulk_ESS Tail_ESS
V1 3.5   4 4.3    4 0.2   1.2       33       85

For each parameter, Bulk_ESS and Tail_ESS are crude measures of 
effective sample size for bulk and tail quantities respectively (an ESS > 100 
per chain is considered good), and Rhat is the potential scale reduction 
factor on rank normalized split chains (at convergence, Rhat <= 1.05).
Inference for the input samples (10 chains: each with iter = 2000; warmup = 0):

    Q5 Q50 Q95 Mean  SD  Rhat Bulk_ESS Tail_ESS
V1 3.6 3.9 4.3  3.9 0.2  1.19       35      134

For each parameter, Bulk_ESS and Tail_ESS are crude measures of 
effective sample size for bulk and tail quantities respectively (an ESS > 100 
per chain is considered good), and Rhat is the potential scale reduction 
factor on rank normalized split chains (at convergence, Rhat <= 1.05).
Inference for the input samples (10 chains: each with iter = 2000; warmup = 0):

    Q5 Q50 Q95 Mean  SD  Rhat Bulk_ESS Tail_ESS
V1 3.6   4 4.3    4 0.2  1.25       29      123

For each parameter, Bulk_ESS and Tail_ESS are crude measures of 
effective sample size for bulk and tail quantities respectively (an ESS > 100 
per chain is considered good), and Rhat is the potential scale reduction 
factor on rank normalized split chains (at convergence, Rhat <= 1.05).
Inference for the input samples (10 chains: each with iter = 2000; warmup = 0):

    Q5 Q50 Q95 Mean  SD  Rhat Bulk_ESS Tail_ESS
V1 3.5 3.9 4.3  3.9 0.2  1.15       42       92

For each parameter, Bulk_ESS and Tail_ESS are crude measures of 
effective sample size for bulk and tail quantities respectively (an ESS > 100 
per chain is considered good), and Rhat is the potential scale reduction 
factor on rank normalized split chains (at convergence, Rhat <= 1.05).
Inference for the input samples (10 chains: each with iter = 2000; warmup = 0):

    Q5 Q50 Q95 Mean  SD  Rhat Bulk_ESS Tail_ESS
V1 3.7   4 4.4    4 0.2  1.13       48      192

For each parameter, Bulk_ESS and Tail_ESS are crude measures of 
effective sample size for bulk and tail quantities respectively (an ESS > 100 
per chain is considered good), and Rhat is the potential scale reduction 
factor on rank normalized split chains (at convergence, Rhat <= 1.05).
Inference for the input samples (10 chains: each with iter = 2000; warmup = 0):

    Q5 Q50 Q95 Mean  SD  Rhat Bulk_ESS Tail_ESS
V1 3.5   4 4.4    4 0.3  1.44       20       65

For each parameter, Bulk_ESS and Tail_ESS are crude measures of 
effective sample size for bulk and tail quantities respectively (an ESS > 100 
per chain is considered good), and Rhat is the potential scale reduction 
factor on rank normalized split chains (at convergence, Rhat <= 1.05).
Inference for the input samples (10 chains: each with iter = 2000; warmup = 0):

    Q5 Q50 Q95 Mean  SD  Rhat Bulk_ESS Tail_ESS
V1 3.7   4 4.4    4 0.2  1.13       49      136

For each parameter, Bulk_ESS and Tail_ESS are crude measures of 
effective sample size for bulk and tail quantities respectively (an ESS > 100 
per chain is considered good), and Rhat is the potential scale reduction 
factor on rank normalized split chains (at convergence, Rhat <= 1.05).
