Inference for the input samples (10 chains: each with iter = 2000; warmup = 0):

    Q5 Q50 Q95 Mean  SD  Rhat Bulk_ESS Tail_ESS
V1 2.2 2.4 2.6  2.4 0.1  1.05      112      591

For each parameter, Bulk_ESS and Tail_ESS are crude measures of 
effective sample size for bulk and tail quantities respectively (an ESS > 100 
per chain is considered good), and Rhat is the potential scale reduction 
factor on rank normalized split chains (at convergence, Rhat <= 1.05).
Inference for the input samples (10 chains: each with iter = 2000; warmup = 0):

    Q5 Q50 Q95 Mean  SD  Rhat Bulk_ESS Tail_ESS
V1 2.2 2.4 2.6  2.4 0.1  1.02      351     7278

For each parameter, Bulk_ESS and Tail_ESS are crude measures of 
effective sample size for bulk and tail quantities respectively (an ESS > 100 
per chain is considered good), and Rhat is the potential scale reduction 
factor on rank normalized split chains (at convergence, Rhat <= 1.05).
Inference for the input samples (10 chains: each with iter = 2000; warmup = 0):

    Q5 Q50 Q95 Mean  SD  Rhat Bulk_ESS Tail_ESS
V1 2.2 2.4 2.6  2.4 0.1  1.07       91      450

For each parameter, Bulk_ESS and Tail_ESS are crude measures of 
effective sample size for bulk and tail quantities respectively (an ESS > 100 
per chain is considered good), and Rhat is the potential scale reduction 
factor on rank normalized split chains (at convergence, Rhat <= 1.05).
Inference for the input samples (10 chains: each with iter = 2000; warmup = 0):

    Q5 Q50 Q95 Mean  SD  Rhat Bulk_ESS Tail_ESS
V1 2.2 2.4 2.7  2.4 0.1  1.09       67      478

For each parameter, Bulk_ESS and Tail_ESS are crude measures of 
effective sample size for bulk and tail quantities respectively (an ESS > 100 
per chain is considered good), and Rhat is the potential scale reduction 
factor on rank normalized split chains (at convergence, Rhat <= 1.05).
Inference for the input samples (10 chains: each with iter = 2000; warmup = 0):

    Q5 Q50 Q95 Mean  SD  Rhat Bulk_ESS Tail_ESS
V1 2.2 2.4 2.6  2.4 0.1  1.01     1010    13083

For each parameter, Bulk_ESS and Tail_ESS are crude measures of 
effective sample size for bulk and tail quantities respectively (an ESS > 100 
per chain is considered good), and Rhat is the potential scale reduction 
factor on rank normalized split chains (at convergence, Rhat <= 1.05).
Inference for the input samples (10 chains: each with iter = 2000; warmup = 0):

    Q5 Q50 Q95 Mean  SD  Rhat Bulk_ESS Tail_ESS
V1 2.1 2.3 2.6  2.3 0.2  1.14       46      108

For each parameter, Bulk_ESS and Tail_ESS are crude measures of 
effective sample size for bulk and tail quantities respectively (an ESS > 100 
per chain is considered good), and Rhat is the potential scale reduction 
factor on rank normalized split chains (at convergence, Rhat <= 1.05).
Inference for the input samples (10 chains: each with iter = 2000; warmup = 0):

    Q5 Q50 Q95 Mean  SD  Rhat Bulk_ESS Tail_ESS
V1 2.1 2.4 2.6  2.4 0.2   1.1       60      263

For each parameter, Bulk_ESS and Tail_ESS are crude measures of 
effective sample size for bulk and tail quantities respectively (an ESS > 100 
per chain is considered good), and Rhat is the potential scale reduction 
factor on rank normalized split chains (at convergence, Rhat <= 1.05).
Inference for the input samples (10 chains: each with iter = 2000; warmup = 0):

    Q5 Q50 Q95 Mean  SD  Rhat Bulk_ESS Tail_ESS
V1 2.1 2.4 2.6  2.4 0.2   1.1       63      191

For each parameter, Bulk_ESS and Tail_ESS are crude measures of 
effective sample size for bulk and tail quantities respectively (an ESS > 100 
per chain is considered good), and Rhat is the potential scale reduction 
factor on rank normalized split chains (at convergence, Rhat <= 1.05).
Inference for the input samples (10 chains: each with iter = 2000; warmup = 0):

    Q5 Q50 Q95 Mean  SD  Rhat Bulk_ESS Tail_ESS
V1 2.6 2.9 3.2  2.9 0.2  1.07       85      212

For each parameter, Bulk_ESS and Tail_ESS are crude measures of 
effective sample size for bulk and tail quantities respectively (an ESS > 100 
per chain is considered good), and Rhat is the potential scale reduction 
factor on rank normalized split chains (at convergence, Rhat <= 1.05).
Inference for the input samples (10 chains: each with iter = 2000; warmup = 0):

    Q5 Q50 Q95 Mean  SD  Rhat Bulk_ESS Tail_ESS
V1 2.6 2.9 3.1  2.9 0.2  1.13       47       90

For each parameter, Bulk_ESS and Tail_ESS are crude measures of 
effective sample size for bulk and tail quantities respectively (an ESS > 100 
per chain is considered good), and Rhat is the potential scale reduction 
factor on rank normalized split chains (at convergence, Rhat <= 1.05).
Inference for the input samples (10 chains: each with iter = 2000; warmup = 0):

    Q5 Q50 Q95 Mean  SD  Rhat Bulk_ESS Tail_ESS
V1 2.6 2.9 3.1  2.9 0.2  1.11       53      209

For each parameter, Bulk_ESS and Tail_ESS are crude measures of 
effective sample size for bulk and tail quantities respectively (an ESS > 100 
per chain is considered good), and Rhat is the potential scale reduction 
factor on rank normalized split chains (at convergence, Rhat <= 1.05).
Inference for the input samples (10 chains: each with iter = 2000; warmup = 0):

    Q5 Q50 Q95 Mean  SD  Rhat Bulk_ESS Tail_ESS
V1 2.6 2.8 3.1  2.8 0.2  1.08       78      401

For each parameter, Bulk_ESS and Tail_ESS are crude measures of 
effective sample size for bulk and tail quantities respectively (an ESS > 100 
per chain is considered good), and Rhat is the potential scale reduction 
factor on rank normalized split chains (at convergence, Rhat <= 1.05).
Inference for the input samples (10 chains: each with iter = 2000; warmup = 0):

    Q5 Q50 Q95 Mean  SD  Rhat Bulk_ESS Tail_ESS
V1 2.6 2.9 3.1  2.9 0.2  1.17       39      112

For each parameter, Bulk_ESS and Tail_ESS are crude measures of 
effective sample size for bulk and tail quantities respectively (an ESS > 100 
per chain is considered good), and Rhat is the potential scale reduction 
factor on rank normalized split chains (at convergence, Rhat <= 1.05).
Inference for the input samples (10 chains: each with iter = 2000; warmup = 0):

    Q5 Q50 Q95 Mean  SD  Rhat Bulk_ESS Tail_ESS
V1 2.6 2.9 3.1  2.9 0.2  1.16       42      130

For each parameter, Bulk_ESS and Tail_ESS are crude measures of 
effective sample size for bulk and tail quantities respectively (an ESS > 100 
per chain is considered good), and Rhat is the potential scale reduction 
factor on rank normalized split chains (at convergence, Rhat <= 1.05).
Inference for the input samples (10 chains: each with iter = 2000; warmup = 0):

    Q5 Q50 Q95 Mean  SD  Rhat Bulk_ESS Tail_ESS
V1 2.6 2.9 3.2  2.9 0.2  1.18       37      137

For each parameter, Bulk_ESS and Tail_ESS are crude measures of 
effective sample size for bulk and tail quantities respectively (an ESS > 100 
per chain is considered good), and Rhat is the potential scale reduction 
factor on rank normalized split chains (at convergence, Rhat <= 1.05).
Inference for the input samples (10 chains: each with iter = 2000; warmup = 0):

    Q5 Q50 Q95 Mean  SD  Rhat Bulk_ESS Tail_ESS
V1 2.6 2.9 3.1  2.9 0.2  1.11       58      357

For each parameter, Bulk_ESS and Tail_ESS are crude measures of 
effective sample size for bulk and tail quantities respectively (an ESS > 100 
per chain is considered good), and Rhat is the potential scale reduction 
factor on rank normalized split chains (at convergence, Rhat <= 1.05).
Inference for the input samples (10 chains: each with iter = 2000; warmup = 0):

    Q5 Q50 Q95 Mean  SD  Rhat Bulk_ESS Tail_ESS
V1 4.2 4.5 4.9  4.5 0.2  1.26       28       66

For each parameter, Bulk_ESS and Tail_ESS are crude measures of 
effective sample size for bulk and tail quantities respectively (an ESS > 100 
per chain is considered good), and Rhat is the potential scale reduction 
factor on rank normalized split chains (at convergence, Rhat <= 1.05).
Inference for the input samples (10 chains: each with iter = 2000; warmup = 0):

   Q5 Q50 Q95 Mean  SD  Rhat Bulk_ESS Tail_ESS
V1  4 4.5 4.9  4.5 0.3  1.31       25       88

For each parameter, Bulk_ESS and Tail_ESS are crude measures of 
effective sample size for bulk and tail quantities respectively (an ESS > 100 
per chain is considered good), and Rhat is the potential scale reduction 
factor on rank normalized split chains (at convergence, Rhat <= 1.05).
Inference for the input samples (10 chains: each with iter = 2000; warmup = 0):

    Q5 Q50 Q95 Mean  SD  Rhat Bulk_ESS Tail_ESS
V1 4.2 4.5 4.9  4.5 0.2  1.11       56      215

For each parameter, Bulk_ESS and Tail_ESS are crude measures of 
effective sample size for bulk and tail quantities respectively (an ESS > 100 
per chain is considered good), and Rhat is the potential scale reduction 
factor on rank normalized split chains (at convergence, Rhat <= 1.05).
Inference for the input samples (10 chains: each with iter = 2000; warmup = 0):

    Q5 Q50 Q95 Mean  SD  Rhat Bulk_ESS Tail_ESS
V1 4.1 4.5 4.9  4.5 0.2  1.31       24      132

For each parameter, Bulk_ESS and Tail_ESS are crude measures of 
effective sample size for bulk and tail quantities respectively (an ESS > 100 
per chain is considered good), and Rhat is the potential scale reduction 
factor on rank normalized split chains (at convergence, Rhat <= 1.05).
Inference for the input samples (10 chains: each with iter = 2000; warmup = 0):

    Q5 Q50 Q95 Mean  SD  Rhat Bulk_ESS Tail_ESS
V1 4.1 4.6   5  4.6 0.3  1.28       26      119

For each parameter, Bulk_ESS and Tail_ESS are crude measures of 
effective sample size for bulk and tail quantities respectively (an ESS > 100 
per chain is considered good), and Rhat is the potential scale reduction 
factor on rank normalized split chains (at convergence, Rhat <= 1.05).
Inference for the input samples (10 chains: each with iter = 2000; warmup = 0):

    Q5 Q50 Q95 Mean  SD  Rhat Bulk_ESS Tail_ESS
V1 4.2 4.5 4.9  4.5 0.2  1.25       28       77

For each parameter, Bulk_ESS and Tail_ESS are crude measures of 
effective sample size for bulk and tail quantities respectively (an ESS > 100 
per chain is considered good), and Rhat is the potential scale reduction 
factor on rank normalized split chains (at convergence, Rhat <= 1.05).
Inference for the input samples (10 chains: each with iter = 2000; warmup = 0):

    Q5 Q50 Q95 Mean  SD  Rhat Bulk_ESS Tail_ESS
V1 4.1 4.5 4.9  4.5 0.2  1.35       22       75

For each parameter, Bulk_ESS and Tail_ESS are crude measures of 
effective sample size for bulk and tail quantities respectively (an ESS > 100 
per chain is considered good), and Rhat is the potential scale reduction 
factor on rank normalized split chains (at convergence, Rhat <= 1.05).
Inference for the input samples (10 chains: each with iter = 2000; warmup = 0):

    Q5 Q50 Q95 Mean  SD  Rhat Bulk_ESS Tail_ESS
V1 4.1 4.5   5  4.5 0.3  1.45       19      113

For each parameter, Bulk_ESS and Tail_ESS are crude measures of 
effective sample size for bulk and tail quantities respectively (an ESS > 100 
per chain is considered good), and Rhat is the potential scale reduction 
factor on rank normalized split chains (at convergence, Rhat <= 1.05).
