Inference for the input samples (10 chains: each with iter = 2000; warmup = 0):

    Q5 Q50 Q95 Mean  SD  Rhat Bulk_ESS Tail_ESS
V1 1.9 2.1 2.4  2.1 0.2  1.08       76      316

For each parameter, Bulk_ESS and Tail_ESS are crude measures of 
effective sample size for bulk and tail quantities respectively (an ESS > 100 
per chain is considered good), and Rhat is the potential scale reduction 
factor on rank normalized split chains (at convergence, Rhat <= 1.05).
Inference for the input samples (10 chains: each with iter = 2000; warmup = 0):

   Q5 Q50 Q95 Mean  SD  Rhat Bulk_ESS Tail_ESS
V1  2 2.3 2.5  2.3 0.1  1.05      128      483

For each parameter, Bulk_ESS and Tail_ESS are crude measures of 
effective sample size for bulk and tail quantities respectively (an ESS > 100 
per chain is considered good), and Rhat is the potential scale reduction 
factor on rank normalized split chains (at convergence, Rhat <= 1.05).
Inference for the input samples (10 chains: each with iter = 2000; warmup = 0):

    Q5 Q50 Q95 Mean  SD  Rhat Bulk_ESS Tail_ESS
V1 1.9 2.2 2.4  2.2 0.2  1.17       38      167

For each parameter, Bulk_ESS and Tail_ESS are crude measures of 
effective sample size for bulk and tail quantities respectively (an ESS > 100 
per chain is considered good), and Rhat is the potential scale reduction 
factor on rank normalized split chains (at convergence, Rhat <= 1.05).
Inference for the input samples (10 chains: each with iter = 2000; warmup = 0):

    Q5 Q50 Q95 Mean  SD  Rhat Bulk_ESS Tail_ESS
V1 1.9 2.1 2.4  2.1 0.2  1.17       39       86

For each parameter, Bulk_ESS and Tail_ESS are crude measures of 
effective sample size for bulk and tail quantities respectively (an ESS > 100 
per chain is considered good), and Rhat is the potential scale reduction 
factor on rank normalized split chains (at convergence, Rhat <= 1.05).
Inference for the input samples (10 chains: each with iter = 2000; warmup = 0):

    Q5 Q50 Q95 Mean  SD  Rhat Bulk_ESS Tail_ESS
V1 2.1 2.3 2.5  2.3 0.1  1.08       78      372

For each parameter, Bulk_ESS and Tail_ESS are crude measures of 
effective sample size for bulk and tail quantities respectively (an ESS > 100 
per chain is considered good), and Rhat is the potential scale reduction 
factor on rank normalized split chains (at convergence, Rhat <= 1.05).
Inference for the input samples (10 chains: each with iter = 2000; warmup = 0):

    Q5 Q50 Q95 Mean  SD  Rhat Bulk_ESS Tail_ESS
V1 1.9 2.1 2.4  2.1 0.2  1.14       44      173

For each parameter, Bulk_ESS and Tail_ESS are crude measures of 
effective sample size for bulk and tail quantities respectively (an ESS > 100 
per chain is considered good), and Rhat is the potential scale reduction 
factor on rank normalized split chains (at convergence, Rhat <= 1.05).
Inference for the input samples (10 chains: each with iter = 2000; warmup = 0):

    Q5 Q50 Q95 Mean  SD  Rhat Bulk_ESS Tail_ESS
V1 1.9 2.2 2.4  2.2 0.2  1.23       30       76

For each parameter, Bulk_ESS and Tail_ESS are crude measures of 
effective sample size for bulk and tail quantities respectively (an ESS > 100 
per chain is considered good), and Rhat is the potential scale reduction 
factor on rank normalized split chains (at convergence, Rhat <= 1.05).
Inference for the input samples (10 chains: each with iter = 2000; warmup = 0):

    Q5 Q50 Q95 Mean  SD  Rhat Bulk_ESS Tail_ESS
V1 1.9 2.2 2.4  2.2 0.2  1.12       53      182

For each parameter, Bulk_ESS and Tail_ESS are crude measures of 
effective sample size for bulk and tail quantities respectively (an ESS > 100 
per chain is considered good), and Rhat is the potential scale reduction 
factor on rank normalized split chains (at convergence, Rhat <= 1.05).
Inference for the input samples (10 chains: each with iter = 2000; warmup = 0):

    Q5 Q50 Q95 Mean  SD  Rhat Bulk_ESS Tail_ESS
V1 2.3 2.6   3  2.6 0.2  1.14       45      160

For each parameter, Bulk_ESS and Tail_ESS are crude measures of 
effective sample size for bulk and tail quantities respectively (an ESS > 100 
per chain is considered good), and Rhat is the potential scale reduction 
factor on rank normalized split chains (at convergence, Rhat <= 1.05).
Inference for the input samples (10 chains: each with iter = 2000; warmup = 0):

    Q5 Q50 Q95 Mean  SD  Rhat Bulk_ESS Tail_ESS
V1 2.4 2.8 3.1  2.8 0.2  1.19       36       76

For each parameter, Bulk_ESS and Tail_ESS are crude measures of 
effective sample size for bulk and tail quantities respectively (an ESS > 100 
per chain is considered good), and Rhat is the potential scale reduction 
factor on rank normalized split chains (at convergence, Rhat <= 1.05).
Inference for the input samples (10 chains: each with iter = 2000; warmup = 0):

    Q5 Q50 Q95 Mean  SD  Rhat Bulk_ESS Tail_ESS
V1 2.2 2.7   3  2.6 0.2  1.27       27       28

For each parameter, Bulk_ESS and Tail_ESS are crude measures of 
effective sample size for bulk and tail quantities respectively (an ESS > 100 
per chain is considered good), and Rhat is the potential scale reduction 
factor on rank normalized split chains (at convergence, Rhat <= 1.05).
Inference for the input samples (10 chains: each with iter = 2000; warmup = 0):

    Q5 Q50 Q95 Mean  SD  Rhat Bulk_ESS Tail_ESS
V1 2.4 2.7   3  2.7 0.2  1.14       44      216

For each parameter, Bulk_ESS and Tail_ESS are crude measures of 
effective sample size for bulk and tail quantities respectively (an ESS > 100 
per chain is considered good), and Rhat is the potential scale reduction 
factor on rank normalized split chains (at convergence, Rhat <= 1.05).
Inference for the input samples (10 chains: each with iter = 2000; warmup = 0):

    Q5 Q50 Q95 Mean  SD  Rhat Bulk_ESS Tail_ESS
V1 2.4 2.7   3  2.7 0.2  1.16       40       86

For each parameter, Bulk_ESS and Tail_ESS are crude measures of 
effective sample size for bulk and tail quantities respectively (an ESS > 100 
per chain is considered good), and Rhat is the potential scale reduction 
factor on rank normalized split chains (at convergence, Rhat <= 1.05).
Inference for the input samples (10 chains: each with iter = 2000; warmup = 0):

    Q5 Q50 Q95 Mean  SD  Rhat Bulk_ESS Tail_ESS
V1 2.4 2.7 3.1  2.7 0.2  1.22       32       88

For each parameter, Bulk_ESS and Tail_ESS are crude measures of 
effective sample size for bulk and tail quantities respectively (an ESS > 100 
per chain is considered good), and Rhat is the potential scale reduction 
factor on rank normalized split chains (at convergence, Rhat <= 1.05).
Inference for the input samples (10 chains: each with iter = 2000; warmup = 0):

    Q5 Q50 Q95 Mean  SD  Rhat Bulk_ESS Tail_ESS
V1 2.4 2.7   3  2.7 0.2  1.23       30       71

For each parameter, Bulk_ESS and Tail_ESS are crude measures of 
effective sample size for bulk and tail quantities respectively (an ESS > 100 
per chain is considered good), and Rhat is the potential scale reduction 
factor on rank normalized split chains (at convergence, Rhat <= 1.05).
Inference for the input samples (10 chains: each with iter = 2000; warmup = 0):

    Q5 Q50 Q95 Mean  SD  Rhat Bulk_ESS Tail_ESS
V1 2.4 2.7   3  2.7 0.2  1.11       55      207

For each parameter, Bulk_ESS and Tail_ESS are crude measures of 
effective sample size for bulk and tail quantities respectively (an ESS > 100 
per chain is considered good), and Rhat is the potential scale reduction 
factor on rank normalized split chains (at convergence, Rhat <= 1.05).
Inference for the input samples (10 chains: each with iter = 2000; warmup = 0):

    Q5 Q50 Q95 Mean  SD  Rhat Bulk_ESS Tail_ESS
V1 2.4 2.8 3.1  2.8 0.2  1.17       38      113

For each parameter, Bulk_ESS and Tail_ESS are crude measures of 
effective sample size for bulk and tail quantities respectively (an ESS > 100 
per chain is considered good), and Rhat is the potential scale reduction 
factor on rank normalized split chains (at convergence, Rhat <= 1.05).
Inference for the input samples (10 chains: each with iter = 2000; warmup = 0):

    Q5 Q50 Q95 Mean  SD  Rhat Bulk_ESS Tail_ESS
V1 2.4 2.8 3.1  2.8 0.2  1.16       41      120

For each parameter, Bulk_ESS and Tail_ESS are crude measures of 
effective sample size for bulk and tail quantities respectively (an ESS > 100 
per chain is considered good), and Rhat is the potential scale reduction 
factor on rank normalized split chains (at convergence, Rhat <= 1.05).
Inference for the input samples (10 chains: each with iter = 2000; warmup = 0):

    Q5 Q50 Q95 Mean  SD  Rhat Bulk_ESS Tail_ESS
V1 2.5 2.8 3.2  2.8 0.2  1.22       32       97

For each parameter, Bulk_ESS and Tail_ESS are crude measures of 
effective sample size for bulk and tail quantities respectively (an ESS > 100 
per chain is considered good), and Rhat is the potential scale reduction 
factor on rank normalized split chains (at convergence, Rhat <= 1.05).
Inference for the input samples (10 chains: each with iter = 2000; warmup = 0):

    Q5 Q50 Q95 Mean  SD  Rhat Bulk_ESS Tail_ESS
V1 2.4 2.8 3.1  2.8 0.2  1.16       41      102

For each parameter, Bulk_ESS and Tail_ESS are crude measures of 
effective sample size for bulk and tail quantities respectively (an ESS > 100 
per chain is considered good), and Rhat is the potential scale reduction 
factor on rank normalized split chains (at convergence, Rhat <= 1.05).
Inference for the input samples (10 chains: each with iter = 2000; warmup = 0):

    Q5 Q50 Q95 Mean  SD  Rhat Bulk_ESS Tail_ESS
V1 2.5 2.8 3.2  2.8 0.2  1.18       37      113

For each parameter, Bulk_ESS and Tail_ESS are crude measures of 
effective sample size for bulk and tail quantities respectively (an ESS > 100 
per chain is considered good), and Rhat is the potential scale reduction 
factor on rank normalized split chains (at convergence, Rhat <= 1.05).
Inference for the input samples (10 chains: each with iter = 2000; warmup = 0):

    Q5 Q50 Q95 Mean  SD  Rhat Bulk_ESS Tail_ESS
V1 2.5 2.8 3.1  2.8 0.2  1.13       49      192

For each parameter, Bulk_ESS and Tail_ESS are crude measures of 
effective sample size for bulk and tail quantities respectively (an ESS > 100 
per chain is considered good), and Rhat is the potential scale reduction 
factor on rank normalized split chains (at convergence, Rhat <= 1.05).
Inference for the input samples (10 chains: each with iter = 2000; warmup = 0):

    Q5 Q50 Q95 Mean  SD  Rhat Bulk_ESS Tail_ESS
V1 2.4 2.8 3.1  2.8 0.2  1.18       37      170

For each parameter, Bulk_ESS and Tail_ESS are crude measures of 
effective sample size for bulk and tail quantities respectively (an ESS > 100 
per chain is considered good), and Rhat is the potential scale reduction 
factor on rank normalized split chains (at convergence, Rhat <= 1.05).
Inference for the input samples (10 chains: each with iter = 2000; warmup = 0):

    Q5 Q50 Q95 Mean  SD  Rhat Bulk_ESS Tail_ESS
V1 2.5 2.8 3.1  2.8 0.2  1.18       37      195

For each parameter, Bulk_ESS and Tail_ESS are crude measures of 
effective sample size for bulk and tail quantities respectively (an ESS > 100 
per chain is considered good), and Rhat is the potential scale reduction 
factor on rank normalized split chains (at convergence, Rhat <= 1.05).
